-------------------------------------------------------------------------------
Test set: cmo.mic.test.TranTest
-------------------------------------------------------------------------------
Tests run: 1, Failures: 0, Errors: 1, Skipped: 0, Time elapsed: 0.526 s <<< FAILURE! - in cmo.mic.test.TranTest
initializationError(cmo.mic.test.TranTest)  Time elapsed: 0.024 s  <<< ERROR!
java.lang.IllegalStateException: Unable to find a @SpringBootConfiguration, you need to use @ContextConfiguration or @SpringBootTest(classes=...) with your test

